2025-04-15 07:52:59,264 INFO: Starting SEOX application [in /home/ubuntu/SEOX/app.py:80]
2025-04-15 07:52:59,566 INFO: Starting SEOX application [in /home/ubuntu/SEOX/app.py:80]
2025-04-16 01:25:26,023 INFO: Starting SEOX application [in /home/ubuntu/extracted/SEOX/app.py:108]
2025-04-16 01:25:26,349 INFO: Starting SEOX application [in /home/ubuntu/extracted/SEOX/app.py:108]
2025-04-16 01:43:46,076 INFO: Starting SEOX application [in /home/ubuntu/fix/SEOX_updated/app.py:185]
2025-04-16 06:50:51,586 INFO: Waitlist form submitted with email: test@example.com [in /home/ubuntu/prototype_extract/app.py:147]
2025-04-16 06:50:51,586 INFO: Created waitlist.csv file with headers [in /home/ubuntu/prototype_extract/app.py:39]
2025-04-16 06:50:51,586 INFO: Saved waitlist entry to CSV: test@example.com [in /home/ubuntu/prototype_extract/app.py:158]
2025-04-16 06:50:51,586 INFO: New email added to waitlist: test@example.com [in /home/ubuntu/prototype_extract/app.py:166]
2025-04-16 06:50:51,586 INFO: Would send confirmation email to: test@example.com [in /home/ubuntu/prototype_extract/app.py:55]
2025-04-16 16:31:41,552 INFO: Starting SEOX application [in /storage/emulated/0/sp15/app.py:231]
2025-04-16 16:31:42,063 INFO: Starting SEOX application [in /storage/emulated/0/sp15/app.py:231]
2025-04-16 16:31:48,883 INFO: Landing page accessed [in /storage/emulated/0/sp15/app.py:76]
2025-04-16 16:31:53,254 INFO: Beta page accessed [in /storage/emulated/0/sp15/app.py:82]
2025-04-16 16:31:56,495 INFO: Waitlist page accessed [in /storage/emulated/0/sp15/app.py:88]
2025-04-16 16:32:17,908 INFO: Beta page accessed [in /storage/emulated/0/sp15/app.py:82]
2025-04-16 16:32:19,020 INFO: Waitlist page accessed [in /storage/emulated/0/sp15/app.py:88]
2025-04-16 16:32:24,683 INFO: Beta page accessed [in /storage/emulated/0/sp15/app.py:82]
2025-04-16 16:32:27,430 INFO: Landing page accessed [in /storage/emulated/0/sp15/app.py:76]
2025-04-16 16:32:30,088 INFO: Beta page accessed [in /storage/emulated/0/sp15/app.py:82]
2025-04-16 16:32:36,702 INFO: Research requested for keyword: Donald Trump shoes [in /storage/emulated/0/sp15/app.py:107]
2025-04-16 16:32:44,601 INFO: Successfully retrieved 10 keyword suggestions [in /storage/emulated/0/sp15/app.py:114]
2025-04-16 16:33:13,199 INFO: Waitlist page accessed [in /storage/emulated/0/sp15/app.py:88]
2025-04-16 16:33:30,438 INFO: Waitlist form submitted with email: seoxai12@gmail.com [in /storage/emulated/0/sp15/app.py:147]
2025-04-16 16:33:30,450 INFO: Saved waitlist entry to CSV: seoxai12@gmail.com [in /storage/emulated/0/sp15/app.py:158]
2025-04-16 16:33:30,450 INFO: New email added to waitlist: seoxai12@gmail.com [in /storage/emulated/0/sp15/app.py:166]
2025-04-16 16:33:30,451 INFO: Would send confirmation email to: seoxai12@gmail.com [in /storage/emulated/0/sp15/app.py:55]
2025-04-16 16:33:44,148 INFO: Landing page accessed [in /storage/emulated/0/sp15/app.py:76]
